Traceback (most recent call last):
  File "/Users/acoca/anaconda3/envs/envai-book/lib/python3.8/site-packages/jupyter_cache/executors/utils.py", line 51, in single_nb_execution
    executenb(
  File "/Users/acoca/anaconda3/envs/envai-book/lib/python3.8/site-packages/nbclient/client.py", line 1117, in execute
    return NotebookClient(nb=nb, resources=resources, km=km, **kwargs).execute()
  File "/Users/acoca/anaconda3/envs/envai-book/lib/python3.8/site-packages/nbclient/util.py", line 78, in wrapped
    return just_run(coro(*args, **kwargs))
  File "/Users/acoca/anaconda3/envs/envai-book/lib/python3.8/site-packages/nbclient/util.py", line 57, in just_run
    return loop.run_until_complete(coro)
  File "/Users/acoca/anaconda3/envs/envai-book/lib/python3.8/asyncio/base_events.py", line 616, in run_until_complete
    return future.result()
  File "/Users/acoca/anaconda3/envs/envai-book/lib/python3.8/site-packages/nbclient/client.py", line 558, in async_execute
    await self.async_execute_cell(
  File "/Users/acoca/anaconda3/envs/envai-book/lib/python3.8/site-packages/nbclient/client.py", line 862, in async_execute_cell
    self._check_raise_for_error(cell, exec_reply)
  File "/Users/acoca/anaconda3/envs/envai-book/lib/python3.8/site-packages/nbclient/client.py", line 765, in _check_raise_for_error
    raise CellExecutionError.from_cell_and_msg(cell, exec_reply_content)
nbclient.exceptions.CellExecutionError: An error occurred while executing the following cell:
------------------
for catalog_entry in list(cat_tc):
    download_zenodo_files_for_entry(
        cat_tc[catalog_entry],
        force_download=False
    )
------------------

[0;31m---------------------------------------------------------------------------[0m
[0;31mJSONDecodeError[0m                           Traceback (most recent call last)
[0;32m/var/folders/l8/99_59fvn4bl2szm125grkgqw0000gr/T/ipykernel_11192/3861096041.py[0m in [0;36m<module>[0;34m[0m
[1;32m      1[0m [0;32mfor[0m [0mcatalog_entry[0m [0;32min[0m [0mlist[0m[0;34m([0m[0mcat_tc[0m[0;34m)[0m[0;34m:[0m[0;34m[0m[0;34m[0m[0m
[0;32m----> 2[0;31m     download_zenodo_files_for_entry(
[0m[1;32m      3[0m         [0mcat_tc[0m[0;34m[[0m[0mcatalog_entry[0m[0;34m][0m[0;34m,[0m[0;34m[0m[0;34m[0m[0m
[1;32m      4[0m         [0mforce_download[0m[0;34m=[0m[0;32mFalse[0m[0;34m[0m[0;34m[0m[0m
[1;32m      5[0m     )

[0;32m~/anaconda3/envs/envai-book/lib/python3.8/site-packages/intake_zenodo_fetcher/fetching.py[0m in [0;36mdownload_zenodo_files_for_entry[0;34m(cat_entry, force_download)[0m
[1;32m     50[0m     [0;32mif[0m [0misinstance[0m[0;34m([0m[0mcat_entry[0m[0;34m.[0m[0murlpath[0m[0;34m,[0m [0mstr[0m[0;34m)[0m[0;34m:[0m[0;34m[0m[0;34m[0m[0m
[1;32m     51[0m         [0murlpath[0m [0;34m=[0m [0m_parse_urlpath[0m[0;34m([0m[0mcat_entry[0m[0;34m.[0m[0murlpath[0m[0;34m)[0m[0;34m[0m[0;34m[0m[0m
[0;32m---> 52[0;31m         target_files = download_zenodo_files(
[0m[1;32m     53[0m             [0mzenodo_doi[0m[0;34m=[0m[0mcat_entry[0m[0;34m.[0m[0mmetadata[0m[0;34m[[0m[0;34m"zenodo_doi"[0m[0;34m][0m[0;34m,[0m[0;34m[0m[0;34m[0m[0m
[1;32m     54[0m             [0mtarget_directory[0m[0;34m=[0m[0mstr[0m[0;34m([0m[0mPath[0m[0;34m([0m[0murlpath[0m[0;34m)[0m[0;34m.[0m[0mparent[0m[0;34m)[0m[0;34m,[0m[0;34m[0m[0;34m[0m[0m

[0;32m~/anaconda3/envs/envai-book/lib/python3.8/site-packages/intake_zenodo_fetcher/fetching.py[0m in [0;36mdownload_zenodo_files[0;34m(zenodo_doi, target_directory, force_download, filter_pattern)[0m
[1;32m    107[0m                 [0;34m([0m[0mfilter_pattern[0m [0;32mis[0m [0;32mNone[0m[0;34m)[0m [0;32mor[0m [0;34m([0m[0mfnmatch[0m[0;34m.[0m[0mfnmatch[0m[0;34m([0m[0mfn[0m[0;34m[[0m[0;34m"key"[0m[0;34m][0m[0;34m,[0m [0mfilter_pattern[0m[0;34m)[0m[0;34m)[0m[0;34m[0m[0;34m[0m[0m
[1;32m    108[0m             ),
[0;32m--> 109[0;31m             [0mr[0m[0;34m.[0m[0mjson[0m[0;34m([0m[0;34m)[0m[0;34m[[0m[0;34m"files"[0m[0;34m][0m[0;34m,[0m[0;34m[0m[0;34m[0m[0m
[0m[1;32m    110[0m         )
[1;32m    111[0m     )

[0;32m~/anaconda3/envs/envai-book/lib/python3.8/site-packages/requests/models.py[0m in [0;36mjson[0;34m(self, **kwargs)[0m
[1;32m    898[0m                     [0;31m# used.[0m[0;34m[0m[0;34m[0m[0;34m[0m[0m
[1;32m    899[0m                     [0;32mpass[0m[0;34m[0m[0;34m[0m[0m
[0;32m--> 900[0;31m         [0;32mreturn[0m [0mcomplexjson[0m[0;34m.[0m[0mloads[0m[0;34m([0m[0mself[0m[0;34m.[0m[0mtext[0m[0;34m,[0m [0;34m**[0m[0mkwargs[0m[0;34m)[0m[0;34m[0m[0;34m[0m[0m
[0m[1;32m    901[0m [0;34m[0m[0m
[1;32m    902[0m     [0;34m@[0m[0mproperty[0m[0;34m[0m[0;34m[0m[0m

[0;32m~/anaconda3/envs/envai-book/lib/python3.8/json/__init__.py[0m in [0;36mloads[0;34m(s, cls, object_hook, parse_float, parse_int, parse_constant, object_pairs_hook, **kw)[0m
[1;32m    355[0m             [0mparse_int[0m [0;32mis[0m [0;32mNone[0m [0;32mand[0m [0mparse_float[0m [0;32mis[0m [0;32mNone[0m [0;32mand[0m[0;34m[0m[0;34m[0m[0m
[1;32m    356[0m             parse_constant is None and object_pairs_hook is None and not kw):
[0;32m--> 357[0;31m         [0;32mreturn[0m [0m_default_decoder[0m[0;34m.[0m[0mdecode[0m[0;34m([0m[0ms[0m[0;34m)[0m[0;34m[0m[0;34m[0m[0m
[0m[1;32m    358[0m     [0;32mif[0m [0mcls[0m [0;32mis[0m [0;32mNone[0m[0;34m:[0m[0;34m[0m[0;34m[0m[0m
[1;32m    359[0m         [0mcls[0m [0;34m=[0m [0mJSONDecoder[0m[0;34m[0m[0;34m[0m[0m

[0;32m~/anaconda3/envs/envai-book/lib/python3.8/json/decoder.py[0m in [0;36mdecode[0;34m(self, s, _w)[0m
[1;32m    335[0m [0;34m[0m[0m
[1;32m    336[0m         """
[0;32m--> 337[0;31m         [0mobj[0m[0;34m,[0m [0mend[0m [0;34m=[0m [0mself[0m[0;34m.[0m[0mraw_decode[0m[0;34m([0m[0ms[0m[0;34m,[0m [0midx[0m[0;34m=[0m[0m_w[0m[0;34m([0m[0ms[0m[0;34m,[0m [0;36m0[0m[0;34m)[0m[0;34m.[0m[0mend[0m[0;34m([0m[0;34m)[0m[0;34m)[0m[0;34m[0m[0;34m[0m[0m
[0m[1;32m    338[0m         [0mend[0m [0;34m=[0m [0m_w[0m[0;34m([0m[0ms[0m[0;34m,[0m [0mend[0m[0;34m)[0m[0;34m.[0m[0mend[0m[0;34m([0m[0;34m)[0m[0;34m[0m[0;34m[0m[0m
[1;32m    339[0m         [0;32mif[0m [0mend[0m [0;34m!=[0m [0mlen[0m[0;34m([0m[0ms[0m[0;34m)[0m[0;34m:[0m[0;34m[0m[0;34m[0m[0m

[0;32m~/anaconda3/envs/envai-book/lib/python3.8/json/decoder.py[0m in [0;36mraw_decode[0;34m(self, s, idx)[0m
[1;32m    353[0m             [0mobj[0m[0;34m,[0m [0mend[0m [0;34m=[0m [0mself[0m[0;34m.[0m[0mscan_once[0m[0;34m([0m[0ms[0m[0;34m,[0m [0midx[0m[0;34m)[0m[0;34m[0m[0;34m[0m[0m
[1;32m    354[0m         [0;32mexcept[0m [0mStopIteration[0m [0;32mas[0m [0merr[0m[0;34m:[0m[0;34m[0m[0;34m[0m[0m
[0;32m--> 355[0;31m             [0;32mraise[0m [0mJSONDecodeError[0m[0;34m([0m[0;34m"Expecting value"[0m[0;34m,[0m [0ms[0m[0;34m,[0m [0merr[0m[0;34m.[0m[0mvalue[0m[0;34m)[0m [0;32mfrom[0m [0;32mNone[0m[0;34m[0m[0;34m[0m[0m
[0m[1;32m    356[0m         [0;32mreturn[0m [0mobj[0m[0;34m,[0m [0mend[0m[0;34m[0m[0;34m[0m[0m

[0;31mJSONDecodeError[0m: Expecting value: line 1 column 1 (char 0)
JSONDecodeError: Expecting value: line 1 column 1 (char 0)

