Traceback (most recent call last):
  File "/Users/acoca/anaconda3/envs/envai-book/lib/python3.8/site-packages/jupyter_cache/executors/utils.py", line 51, in single_nb_execution
    executenb(
  File "/Users/acoca/anaconda3/envs/envai-book/lib/python3.8/site-packages/nbclient/client.py", line 1112, in execute
    return NotebookClient(nb=nb, resources=resources, km=km, **kwargs).execute()
  File "/Users/acoca/anaconda3/envs/envai-book/lib/python3.8/site-packages/nbclient/util.py", line 74, in wrapped
    return just_run(coro(*args, **kwargs))
  File "/Users/acoca/anaconda3/envs/envai-book/lib/python3.8/site-packages/nbclient/util.py", line 53, in just_run
    return loop.run_until_complete(coro)
  File "/Users/acoca/anaconda3/envs/envai-book/lib/python3.8/asyncio/base_events.py", line 616, in run_until_complete
    return future.result()
  File "/Users/acoca/anaconda3/envs/envai-book/lib/python3.8/site-packages/nbclient/client.py", line 553, in async_execute
    await self.async_execute_cell(
  File "/Users/acoca/anaconda3/envs/envai-book/lib/python3.8/site-packages/nbclient/client.py", line 857, in async_execute_cell
    self._check_raise_for_error(cell, exec_reply)
  File "/Users/acoca/anaconda3/envs/envai-book/lib/python3.8/site-packages/nbclient/client.py", line 760, in _check_raise_for_error
    raise CellExecutionError.from_cell_and_msg(cell, exec_reply_content)
nbclient.exceptions.CellExecutionError: An error occurred while executing the following cell:
------------------
for row in pred_boxes:
    cv2.rectangle(image2, (int(row["xmin"]), int(row["ymin"])), (int(row["xmax"]), int(row["ymax"])), (0, 0, 0), thickness=10, lineType=cv2.LINE_AA)

plt.figure(figsize=(15,15))
cv2_imshow(image2)
plt.show()
------------------

[0;31m---------------------------------------------------------------------------[0m
[0;31mTypeError[0m                                 Traceback (most recent call last)
[0;32m/var/folders/l8/99_59fvn4bl2szm125grkgqw0000gr/T/ipykernel_4100/3139244783.py[0m in [0;36m<module>[0;34m[0m
[1;32m      1[0m [0;32mfor[0m [0mrow[0m [0;32min[0m [0mpred_boxes[0m[0;34m:[0m[0;34m[0m[0;34m[0m[0m
[0;32m----> 2[0;31m     [0mcv2[0m[0;34m.[0m[0mrectangle[0m[0;34m([0m[0mimage2[0m[0;34m,[0m [0;34m([0m[0mint[0m[0;34m([0m[0mrow[0m[0;34m[[0m[0;34m"xmin"[0m[0;34m][0m[0;34m)[0m[0;34m,[0m [0mint[0m[0;34m([0m[0mrow[0m[0;34m[[0m[0;34m"ymin"[0m[0;34m][0m[0;34m)[0m[0;34m)[0m[0;34m,[0m [0;34m([0m[0mint[0m[0;34m([0m[0mrow[0m[0;34m[[0m[0;34m"xmax"[0m[0;34m][0m[0;34m)[0m[0;34m,[0m [0mint[0m[0;34m([0m[0mrow[0m[0;34m[[0m[0;34m"ymax"[0m[0;34m][0m[0;34m)[0m[0;34m)[0m[0;34m,[0m [0;34m([0m[0;36m0[0m[0;34m,[0m [0;36m0[0m[0;34m,[0m [0;36m0[0m[0;34m)[0m[0;34m,[0m [0mthickness[0m[0;34m=[0m[0;36m10[0m[0;34m,[0m [0mlineType[0m[0;34m=[0m[0mcv2[0m[0;34m.[0m[0mLINE_AA[0m[0;34m)[0m[0;34m[0m[0;34m[0m[0m
[0m[1;32m      3[0m [0;34m[0m[0m
[1;32m      4[0m [0mplt[0m[0;34m.[0m[0mfigure[0m[0;34m([0m[0mfigsize[0m[0;34m=[0m[0;34m([0m[0;36m15[0m[0;34m,[0m[0;36m15[0m[0;34m)[0m[0;34m)[0m[0;34m[0m[0;34m[0m[0m
[1;32m      5[0m [0mcv2_imshow[0m[0;34m([0m[0mimage2[0m[0;34m)[0m[0;34m[0m[0;34m[0m[0m

[0;31mTypeError[0m: string indices must be integers
TypeError: string indices must be integers

